2021-03-18 21:56:32.744 INFO  com.oyyk.wiki.WikiApplication                     :55   [32m                  [0;39m Starting WikiApplication using Java 1.8.0_281 on DESKTOP-PAR2VBM with PID 9928 (D:\Users\Mu\IdeaProjects\wiki\target\classes started by Mu in D:\Users\Mu\IdeaProjects\wiki)
2021-03-18 21:56:32.748 INFO  com.oyyk.wiki.WikiApplication                     :660  [32m                  [0;39m No active profile set, falling back to default profiles: default
2021-03-18 21:56:33.842 INFO  o.s.boot.web.embedded.tomcat.TomcatWebServer      :108  [32m                  [0;39m Tomcat initialized with port(s): 8080 (http)
2021-03-18 21:56:33.857 INFO  org.apache.coyote.http11.Http11NioProtocol        :173  [32m                  [0;39m Initializing ProtocolHandler ["http-nio-8080"]
2021-03-18 21:56:33.858 INFO  org.apache.catalina.core.StandardService          :173  [32m                  [0;39m Starting service [Tomcat]
2021-03-18 21:56:33.859 INFO  org.apache.catalina.core.StandardEngine           :173  [32m                  [0;39m Starting Servlet engine: [Apache Tomcat/9.0.43]
2021-03-18 21:56:34.686 INFO  o.a.c.core.ContainerBase.[Tomcat].[localhost].[/] :173  [32m                  [0;39m Initializing Spring embedded WebApplicationContext
2021-03-18 21:56:34.687 INFO  o.s.b.w.s.c.ServletWebServerApplicationContext    :289  [32m                  [0;39m Root WebApplicationContext: initialization completed in 1858 ms
2021-03-18 21:56:35.014 INFO  o.s.scheduling.concurrent.ThreadPoolTaskExecutor  :181  [32m                  [0;39m Initializing ExecutorService 'applicationTaskExecutor'
2021-03-18 21:56:35.215 INFO  org.apache.coyote.http11.Http11NioProtocol        :173  [32m                  [0;39m Starting ProtocolHandler ["http-nio-8080"]
2021-03-18 21:56:35.238 INFO  o.s.boot.web.embedded.tomcat.TomcatWebServer      :220  [32m                  [0;39m Tomcat started on port(s): 8080 (http) with context path ''
2021-03-18 21:56:35.248 INFO  com.oyyk.wiki.WikiApplication                     :61   [32m                  [0;39m Started WikiApplication in 3.25 seconds (JVM running for 5.142)
2021-03-18 21:58:07.768 INFO  com.oyyk.wiki.WikiApplication                     :55   [32m                  [0;39m Starting WikiApplication using Java 1.8.0_281 on DESKTOP-PAR2VBM with PID 11372 (D:\Users\Mu\IdeaProjects\wiki\target\classes started by Mu in D:\Users\Mu\IdeaProjects\wiki)
2021-03-18 21:58:07.774 INFO  com.oyyk.wiki.WikiApplication                     :660  [32m                  [0;39m No active profile set, falling back to default profiles: default
2021-03-18 21:58:08.848 INFO  o.s.boot.web.embedded.tomcat.TomcatWebServer      :108  [32m                  [0;39m Tomcat initialized with port(s): 8080 (http)
2021-03-18 21:58:08.863 INFO  org.apache.coyote.http11.Http11NioProtocol        :173  [32m                  [0;39m Initializing ProtocolHandler ["http-nio-8080"]
2021-03-18 21:58:08.864 INFO  org.apache.catalina.core.StandardService          :173  [32m                  [0;39m Starting service [Tomcat]
2021-03-18 21:58:08.864 INFO  org.apache.catalina.core.StandardEngine           :173  [32m                  [0;39m Starting Servlet engine: [Apache Tomcat/9.0.43]
2021-03-18 21:58:08.972 INFO  o.a.c.core.ContainerBase.[Tomcat].[localhost].[/] :173  [32m                  [0;39m Initializing Spring embedded WebApplicationContext
2021-03-18 21:58:08.973 INFO  o.s.b.w.s.c.ServletWebServerApplicationContext    :289  [32m                  [0;39m Root WebApplicationContext: initialization completed in 1099 ms
2021-03-18 21:58:09.245 INFO  o.s.scheduling.concurrent.ThreadPoolTaskExecutor  :181  [32m                  [0;39m Initializing ExecutorService 'applicationTaskExecutor'
2021-03-18 21:58:09.430 INFO  org.apache.coyote.http11.Http11NioProtocol        :173  [32m                  [0;39m Starting ProtocolHandler ["http-nio-8080"]
2021-03-18 21:58:09.451 INFO  o.s.boot.web.embedded.tomcat.TomcatWebServer      :220  [32m                  [0;39m Tomcat started on port(s): 8080 (http) with context path ''
2021-03-18 21:58:09.464 INFO  com.oyyk.wiki.WikiApplication                     :61   [32m                  [0;39m Started WikiApplication in 2.363 seconds (JVM running for 3.667)
